Analysis & Synthesis report for counter
Wed Jan 24 14:44:45 2018
Quartus II Version 9.0 Build 235 06/17/2009 Service Pack 2 SJ Web Edition


---------------------
; Table of Contents ;
---------------------
  1. Legal Notice
  2. Analysis & Synthesis Summary
  3. Analysis & Synthesis Settings
  4. Analysis & Synthesis Source Files Read
  5. Analysis & Synthesis Resource Usage Summary
  6. Analysis & Synthesis Resource Utilization by Entity
  7. Registers Removed During Synthesis
  8. Removed Registers Triggering Further Register Optimizations
  9. General Register Statistics
 10. Inverted Register Statistics
 11. Source assignments for lpm_counter:count_rtl_0
 12. Source assignments for lpm_counter:clock_count_rtl_1
 13. Parameter Settings for Inferred Entity Instance: lpm_counter:count_rtl_0
 14. Parameter Settings for Inferred Entity Instance: lpm_counter:clock_count_rtl_1
 15. Parameter Settings for Inferred Entity Instance: lpm_divide:Div0
 16. Parameter Settings for Inferred Entity Instance: lpm_divide:Mod0
 17. Analysis & Synthesis Messages
 18. Analysis & Synthesis Suppressed Messages



----------------
; Legal Notice ;
----------------
Copyright (C) 1991-2009 Altera Corporation
Your use of Altera Corporation's design tools, logic functions 
and other software and tools, and its AMPP partner logic 
functions, and any output files from any of the foregoing 
(including device programming or simulation files), and any 
associated documentation or information are expressly subject 
to the terms and conditions of the Altera Program License 
Subscription Agreement, Altera MegaCore Function License 
Agreement, or other applicable license agreement, including, 
without limitation, that your use is for the sole purpose of 
programming logic devices manufactured by Altera and sold by 
Altera or its authorized distributors.  Please refer to the 
applicable agreement for further details.



+----------------------------------------------------------------------------+
; Analysis & Synthesis Summary                                               ;
+-----------------------------+----------------------------------------------+
; Analysis & Synthesis Status ; Successful - Wed Jan 24 14:44:44 2018        ;
; Quartus II Version          ; 9.0 Build 235 06/17/2009 SP 2 SJ Web Edition ;
; Revision Name               ; counter                                      ;
; Top-level Entity Name       ; my_counter                                   ;
; Family                      ; FLEX10K                                      ;
; Total logic elements        ; 76                                           ;
; Total pins                  ; 19                                           ;
; Total memory bits           ; 0                                            ;
+-----------------------------+----------------------------------------------+


+------------------------------------------------------------------------------------------------+
; Analysis & Synthesis Settings                                                                  ;
+--------------------------------------------------------------+-----------------+---------------+
; Option                                                       ; Setting         ; Default Value ;
+--------------------------------------------------------------+-----------------+---------------+
; Device                                                       ; EPF10K70RC240-4 ;               ;
; Top-level entity name                                        ; my_counter      ; counter       ;
; Family name                                                  ; FLEX10K         ; Stratix II    ;
; Use Generated Physical Constraints File                      ; Off             ;               ;
; Use smart compilation                                        ; Off             ; Off           ;
; Create Debugging Nodes for IP Cores                          ; Off             ; Off           ;
; Preserve fewer node names                                    ; On              ; On            ;
; Disable OpenCore Plus hardware evaluation                    ; Off             ; Off           ;
; Verilog Version                                              ; Verilog_2001    ; Verilog_2001  ;
; VHDL Version                                                 ; VHDL93          ; VHDL93        ;
; State Machine Processing                                     ; Auto            ; Auto          ;
; Safe State Machine                                           ; Off             ; Off           ;
; Extract Verilog State Machines                               ; On              ; On            ;
; Extract VHDL State Machines                                  ; On              ; On            ;
; Ignore Verilog initial constructs                            ; Off             ; Off           ;
; Iteration limit for constant Verilog loops                   ; 5000            ; 5000          ;
; Iteration limit for non-constant Verilog loops               ; 250             ; 250           ;
; Add Pass-Through Logic to Inferred RAMs                      ; On              ; On            ;
; Parallel Synthesis                                           ; Off             ; Off           ;
; NOT Gate Push-Back                                           ; On              ; On            ;
; Power-Up Don't Care                                          ; On              ; On            ;
; Remove Redundant Logic Cells                                 ; Off             ; Off           ;
; Remove Duplicate Registers                                   ; On              ; On            ;
; Ignore CARRY Buffers                                         ; Off             ; Off           ;
; Ignore CASCADE Buffers                                       ; Off             ; Off           ;
; Ignore GLOBAL Buffers                                        ; Off             ; Off           ;
; Ignore ROW GLOBAL Buffers                                    ; Off             ; Off           ;
; Ignore LCELL Buffers                                         ; Off             ; Off           ;
; Ignore SOFT Buffers                                          ; On              ; On            ;
; Limit AHDL Integers to 32 Bits                               ; Off             ; Off           ;
; Auto Implement in ROM                                        ; Off             ; Off           ;
; Optimization Technique                                       ; Area            ; Area          ;
; Carry Chain Length                                           ; 32              ; 32            ;
; Cascade Chain Length                                         ; 2               ; 2             ;
; Auto Carry Chains                                            ; On              ; On            ;
; Auto Open-Drain Pins                                         ; On              ; On            ;
; Auto ROM Replacement                                         ; On              ; On            ;
; Auto RAM Replacement                                         ; On              ; On            ;
; Auto Clock Enable Replacement                                ; On              ; On            ;
; Strict RAM Replacement                                       ; Off             ; Off           ;
; Auto Resource Sharing                                        ; Off             ; Off           ;
; Allow Any RAM Size For Recognition                           ; Off             ; Off           ;
; Allow Any ROM Size For Recognition                           ; Off             ; Off           ;
; Use LogicLock Constraints during Resource Balancing          ; On              ; On            ;
; Ignore translate_off and synthesis_off directives            ; Off             ; Off           ;
; Show Parameter Settings Tables in Synthesis Report           ; On              ; On            ;
; HDL message level                                            ; Level2          ; Level2        ;
; Suppress Register Optimization Related Messages              ; Off             ; Off           ;
; Number of Removed Registers Reported in Synthesis Report     ; 100             ; 100           ;
; Number of Inverted Registers Reported in Synthesis Report    ; 100             ; 100           ;
; Block Design Naming                                          ; Auto            ; Auto          ;
; Synthesis Effort                                             ; Auto            ; Auto          ;
; Shift Register Replacement - Allow Asynchronous Clear Signal ; On              ; On            ;
; Analysis & Synthesis Message Level                           ; Medium          ; Medium        ;
+--------------------------------------------------------------+-----------------+---------------+


+-----------------------------------------------------------------------------------------------------------------------------------------------------------------------------+
; Analysis & Synthesis Source Files Read                                                                                                                                      ;
+----------------------------------+-----------------+------------------------------+-----------------------------------------------------------------------------------------+
; File Name with User-Entered Path ; Used in Netlist ; File Type                    ; File Name with Absolute Path                                                            ;
+----------------------------------+-----------------+------------------------------+-----------------------------------------------------------------------------------------+
; counter.v                        ; yes             ; User Verilog HDL File        ; C:/Users/User/Desktop/verilog/counter.v                                                 ;
; lpm_counter.tdf                  ; yes             ; Megafunction                 ; c:/program files/altera quartus/quartus/libraries/megafunctions/lpm_counter.tdf         ;
; lpm_constant.inc                 ; yes             ; Megafunction                 ; c:/program files/altera quartus/quartus/libraries/megafunctions/lpm_constant.inc        ;
; lpm_decode.inc                   ; yes             ; Megafunction                 ; c:/program files/altera quartus/quartus/libraries/megafunctions/lpm_decode.inc          ;
; lpm_add_sub.inc                  ; yes             ; Megafunction                 ; c:/program files/altera quartus/quartus/libraries/megafunctions/lpm_add_sub.inc         ;
; cmpconst.inc                     ; yes             ; Megafunction                 ; c:/program files/altera quartus/quartus/libraries/megafunctions/cmpconst.inc            ;
; lpm_compare.inc                  ; yes             ; Megafunction                 ; c:/program files/altera quartus/quartus/libraries/megafunctions/lpm_compare.inc         ;
; lpm_counter.inc                  ; yes             ; Megafunction                 ; c:/program files/altera quartus/quartus/libraries/megafunctions/lpm_counter.inc         ;
; dffeea.inc                       ; yes             ; Megafunction                 ; c:/program files/altera quartus/quartus/libraries/megafunctions/dffeea.inc              ;
; alt_synch_counter.inc            ; yes             ; Megafunction                 ; c:/program files/altera quartus/quartus/libraries/megafunctions/alt_synch_counter.inc   ;
; alt_synch_counter_f.inc          ; yes             ; Megafunction                 ; c:/program files/altera quartus/quartus/libraries/megafunctions/alt_synch_counter_f.inc ;
; alt_counter_f10ke.inc            ; yes             ; Megafunction                 ; c:/program files/altera quartus/quartus/libraries/megafunctions/alt_counter_f10ke.inc   ;
; alt_counter_stratix.inc          ; yes             ; Megafunction                 ; c:/program files/altera quartus/quartus/libraries/megafunctions/alt_counter_stratix.inc ;
; aglobal90.inc                    ; yes             ; Megafunction                 ; c:/program files/altera quartus/quartus/libraries/megafunctions/aglobal90.inc           ;
; alt_counter_f10ke.tdf            ; yes             ; Megafunction                 ; c:/program files/altera quartus/quartus/libraries/megafunctions/alt_counter_f10ke.tdf   ;
; flex10ke_lcell.inc               ; yes             ; Megafunction                 ; c:/program files/altera quartus/quartus/libraries/megafunctions/flex10ke_lcell.inc      ;
; lpm_divide.tdf                   ; yes             ; Megafunction                 ; c:/program files/altera quartus/quartus/libraries/megafunctions/lpm_divide.tdf          ;
; abs_divider.inc                  ; yes             ; Megafunction                 ; c:/program files/altera quartus/quartus/libraries/megafunctions/abs_divider.inc         ;
; sign_div_unsign.inc              ; yes             ; Megafunction                 ; c:/program files/altera quartus/quartus/libraries/megafunctions/sign_div_unsign.inc     ;
; db/lpm_divide_e1m.tdf            ; yes             ; Auto-Generated Megafunction  ; C:/Users/User/Desktop/verilog/db/lpm_divide_e1m.tdf                                     ;
; db/sign_div_unsign_3kh.tdf       ; yes             ; Auto-Generated Megafunction  ; C:/Users/User/Desktop/verilog/db/sign_div_unsign_3kh.tdf                                ;
; db/alt_u_div_8ke.tdf             ; yes             ; Auto-Generated Megafunction  ; C:/Users/User/Desktop/verilog/db/alt_u_div_8ke.tdf                                      ;
; db/add_sub_a9c.tdf               ; yes             ; Auto-Generated Megafunction  ; C:/Users/User/Desktop/verilog/db/add_sub_a9c.tdf                                        ;
; db/add_sub_b9c.tdf               ; yes             ; Auto-Generated Megafunction  ; C:/Users/User/Desktop/verilog/db/add_sub_b9c.tdf                                        ;
; db/add_sub_c9c.tdf               ; yes             ; Auto-Generated Megafunction  ; C:/Users/User/Desktop/verilog/db/add_sub_c9c.tdf                                        ;
; db/add_sub_d9c.tdf               ; yes             ; Auto-Generated Megafunction  ; C:/Users/User/Desktop/verilog/db/add_sub_d9c.tdf                                        ;
; db/lpm_divide_hpl.tdf            ; yes             ; Auto-Generated Megafunction  ; C:/Users/User/Desktop/verilog/db/lpm_divide_hpl.tdf                                     ;
+----------------------------------+-----------------+------------------------------+-----------------------------------------------------------------------------------------+


+---------------------------------------------+
; Analysis & Synthesis Resource Usage Summary ;
+-----------------------------------+---------+
; Resource                          ; Usage   ;
+-----------------------------------+---------+
; Total logic elements              ; 76      ;
; Total combinational functions     ; 66      ;
;     -- Total 4-input functions    ; 15      ;
;     -- Total 3-input functions    ; 10      ;
;     -- Total 2-input functions    ; 6       ;
;     -- Total 1-input functions    ; 32      ;
;     -- Total 0-input functions    ; 3       ;
; Total registers                   ; 47      ;
; Total logic cells in carry chains ; 37      ;
; I/O pins                          ; 19      ;
; Maximum fan-out node              ; clk     ;
; Maximum fan-out                   ; 47      ;
; Total fan-out                     ; 253     ;
; Average fan-out                   ; 2.66    ;
+-----------------------------------+---------+


+----------------------------------------------------------------------------------------------------------------------------------------------------------------------------------------------------------------------------------------------------------------------------------------------------------------------------------+
; Analysis & Synthesis Resource Utilization by Entity                                                                                                                                                                                                                                                                              ;
+----------------------------------------+-------------+--------------+-------------+------+--------------+-------------------+------------------+-----------------+------------+-----------------------------------------------------------------------------------------------------------------------------------+--------------+
; Compilation Hierarchy Node             ; Logic Cells ; LC Registers ; Memory Bits ; Pins ; LUT-Only LCs ; Register-Only LCs ; LUT/Register LCs ; Carry Chain LCs ; Packed LCs ; Full Hierarchy Name                                                                                                               ; Library Name ;
+----------------------------------------+-------------+--------------+-------------+------+--------------+-------------------+------------------+-----------------+------------+-----------------------------------------------------------------------------------------------------------------------------------+--------------+
; |my_counter                            ; 76 (18)     ; 47           ; 0           ; 19   ; 29 (13)      ; 10 (1)            ; 37 (4)           ; 37 (1)          ; 0 (0)      ; |my_counter                                                                                                                       ; work         ;
;    |lpm_counter:clock_count_rtl_1|     ; 25 (0)      ; 25           ; 0           ; 0    ; 0 (0)        ; 0 (0)             ; 25 (0)           ; 25 (0)          ; 0 (0)      ; |my_counter|lpm_counter:clock_count_rtl_1                                                                                         ; work         ;
;       |alt_counter_f10ke:wysi_counter| ; 25 (25)     ; 25           ; 0           ; 0    ; 0 (0)        ; 0 (0)             ; 25 (25)          ; 25 (25)         ; 0 (0)      ; |my_counter|lpm_counter:clock_count_rtl_1|alt_counter_f10ke:wysi_counter                                                          ; work         ;
;    |lpm_counter:count_rtl_0|           ; 5 (0)       ; 4            ; 0           ; 0    ; 1 (0)        ; 0 (0)             ; 4 (0)            ; 4 (0)           ; 0 (0)      ; |my_counter|lpm_counter:count_rtl_0                                                                                               ; work         ;
;       |alt_counter_f10ke:wysi_counter| ; 5 (5)       ; 4            ; 0           ; 0    ; 1 (1)        ; 0 (0)             ; 4 (4)            ; 4 (4)           ; 0 (0)      ; |my_counter|lpm_counter:count_rtl_0|alt_counter_f10ke:wysi_counter                                                                ; work         ;
;    |lpm_divide:Div0|                   ; 3 (0)       ; 0            ; 0           ; 0    ; 3 (0)        ; 0 (0)             ; 0 (0)            ; 3 (0)           ; 0 (0)      ; |my_counter|lpm_divide:Div0                                                                                                       ; work         ;
;       |lpm_divide_e1m:auto_generated|  ; 3 (0)       ; 0            ; 0           ; 0    ; 3 (0)        ; 0 (0)             ; 0 (0)            ; 3 (0)           ; 0 (0)      ; |my_counter|lpm_divide:Div0|lpm_divide_e1m:auto_generated                                                                         ; work         ;
;          |sign_div_unsign_3kh:divider| ; 3 (0)       ; 0            ; 0           ; 0    ; 3 (0)        ; 0 (0)             ; 0 (0)            ; 3 (0)           ; 0 (0)      ; |my_counter|lpm_divide:Div0|lpm_divide_e1m:auto_generated|sign_div_unsign_3kh:divider                                             ; work         ;
;             |alt_u_div_8ke:divider|    ; 3 (0)       ; 0            ; 0           ; 0    ; 3 (0)        ; 0 (0)             ; 0 (0)            ; 3 (0)           ; 0 (0)      ; |my_counter|lpm_divide:Div0|lpm_divide_e1m:auto_generated|sign_div_unsign_3kh:divider|alt_u_div_8ke:divider                       ; work         ;
;                |add_sub_d9c:add_sub_3| ; 3 (3)       ; 0            ; 0           ; 0    ; 3 (3)        ; 0 (0)             ; 0 (0)            ; 3 (3)           ; 0 (0)      ; |my_counter|lpm_divide:Div0|lpm_divide_e1m:auto_generated|sign_div_unsign_3kh:divider|alt_u_div_8ke:divider|add_sub_d9c:add_sub_3 ; work         ;
;    |lpm_divide:Mod0|                   ; 4 (0)       ; 0            ; 0           ; 0    ; 4 (0)        ; 0 (0)             ; 0 (0)            ; 4 (0)           ; 0 (0)      ; |my_counter|lpm_divide:Mod0                                                                                                       ; work         ;
;       |lpm_divide_hpl:auto_generated|  ; 4 (0)       ; 0            ; 0           ; 0    ; 4 (0)        ; 0 (0)             ; 0 (0)            ; 4 (0)           ; 0 (0)      ; |my_counter|lpm_divide:Mod0|lpm_divide_hpl:auto_generated                                                                         ; work         ;
;          |sign_div_unsign_3kh:divider| ; 4 (0)       ; 0            ; 0           ; 0    ; 4 (0)        ; 0 (0)             ; 0 (0)            ; 4 (0)           ; 0 (0)      ; |my_counter|lpm_divide:Mod0|lpm_divide_hpl:auto_generated|sign_div_unsign_3kh:divider                                             ; work         ;
;             |alt_u_div_8ke:divider|    ; 4 (0)       ; 0            ; 0           ; 0    ; 4 (0)        ; 0 (0)             ; 0 (0)            ; 4 (0)           ; 0 (0)      ; |my_counter|lpm_divide:Mod0|lpm_divide_hpl:auto_generated|sign_div_unsign_3kh:divider|alt_u_div_8ke:divider                       ; work         ;
;                |add_sub_d9c:add_sub_3| ; 4 (4)       ; 0            ; 0           ; 0    ; 4 (4)        ; 0 (0)             ; 0 (0)            ; 4 (4)           ; 0 (0)      ; |my_counter|lpm_divide:Mod0|lpm_divide_hpl:auto_generated|sign_div_unsign_3kh:divider|alt_u_div_8ke:divider|add_sub_d9c:add_sub_3 ; work         ;
;    |my8bitdisplay:digitdisp|           ; 4 (4)       ; 4            ; 0           ; 0    ; 0 (0)        ; 4 (4)             ; 0 (0)            ; 0 (0)           ; 0 (0)      ; |my_counter|my8bitdisplay:digitdisp                                                                                               ; work         ;
;    |my8bitdisplay:unitdisp|            ; 15 (15)     ; 7            ; 0           ; 0    ; 8 (8)        ; 5 (5)             ; 2 (2)            ; 0 (0)           ; 0 (0)      ; |my_counter|my8bitdisplay:unitdisp                                                                                                ; work         ;
;    |rs_flipflop:main_rs|               ; 2 (2)       ; 2            ; 0           ; 0    ; 0 (0)        ; 0 (0)             ; 2 (2)            ; 0 (0)           ; 0 (0)      ; |my_counter|rs_flipflop:main_rs                                                                                                   ; work         ;
+----------------------------------------+-------------+--------------+-------------+------+--------------+-------------------+------------------+-----------------+------------+-----------------------------------------------------------------------------------------------------------------------------------+--------------+
Note: For table entries with two numbers listed, the numbers in parentheses indicate the number of resources of the given type used by the specific entity alone. The numbers listed outside of parentheses indicate the total resources of the given type used by the specific entity and all of its sub-entities in the hierarchy.


+--------------------------------------------------------------------------------+
; Registers Removed During Synthesis                                             ;
+---------------------------------------+----------------------------------------+
; Register name                         ; Reason for Removal                     ;
+---------------------------------------+----------------------------------------+
; my8bitdisplay:unitdisp|result[0]      ; Stuck at VCC due to stuck port data_in ;
; my8bitdisplay:digitdisp|result[0]     ; Stuck at VCC due to stuck port data_in ;
; disp_input_digit[1..3]                ; Stuck at GND due to stuck port data_in ;
; my8bitdisplay:digitdisp|result[1]     ; Stuck at VCC due to stuck port data_in ;
; my8bitdisplay:digitdisp|result[5..6]  ; Stuck at GND due to stuck port data_in ;
; Total Number of Removed Registers = 8 ;                                        ;
+---------------------------------------+----------------------------------------+


+-------------------------------------------------------------------------------------------------------------------------+
; Removed Registers Triggering Further Register Optimizations                                                             ;
+---------------------+---------------------------+-----------------------------------------------------------------------+
; Register name       ; Reason for Removal        ; Registers Removed due to This Register                                ;
+---------------------+---------------------------+-----------------------------------------------------------------------+
; disp_input_digit[3] ; Stuck at GND              ; my8bitdisplay:digitdisp|result[1], my8bitdisplay:digitdisp|result[5], ;
;                     ; due to stuck port data_in ; my8bitdisplay:digitdisp|result[6]                                     ;
+---------------------+---------------------------+-----------------------------------------------------------------------+


+------------------------------------------------------+
; General Register Statistics                          ;
+----------------------------------------------+-------+
; Statistic                                    ; Value ;
+----------------------------------------------+-------+
; Total registers                              ; 47    ;
; Number of registers using Synchronous Clear  ; 25    ;
; Number of registers using Synchronous Load   ; 4     ;
; Number of registers using Asynchronous Clear ; 0     ;
; Number of registers using Asynchronous Load  ; 0     ;
; Number of registers using Clock Enable       ; 11    ;
; Number of registers using Preset             ; 0     ;
+----------------------------------------------+-------+


+--------------------------------------------------+
; Inverted Register Statistics                     ;
+----------------------------------------+---------+
; Inverted Register                      ; Fan out ;
+----------------------------------------+---------+
; rs_flipflop:main_rs|q1                 ; 3       ;
; Total number of inverted registers = 1 ;         ;
+----------------------------------------+---------+


+------------------------------------------------+
; Source assignments for lpm_counter:count_rtl_0 ;
+---------------------------+-------+------+-----+
; Assignment                ; Value ; From ; To  ;
+---------------------------+-------+------+-----+
; SUPPRESS_DA_RULE_INTERNAL ; a101  ; -    ; -   ;
; SUPPRESS_DA_RULE_INTERNAL ; s102  ; -    ; -   ;
; SUPPRESS_DA_RULE_INTERNAL ; s103  ; -    ; -   ;
+---------------------------+-------+------+-----+


+------------------------------------------------------+
; Source assignments for lpm_counter:clock_count_rtl_1 ;
+---------------------------+-------+------+-----------+
; Assignment                ; Value ; From ; To        ;
+---------------------------+-------+------+-----------+
; SUPPRESS_DA_RULE_INTERNAL ; a101  ; -    ; -         ;
; SUPPRESS_DA_RULE_INTERNAL ; s102  ; -    ; -         ;
; SUPPRESS_DA_RULE_INTERNAL ; s103  ; -    ; -         ;
+---------------------------+-------+------+-----------+


+--------------------------------------------------------------------------+
; Parameter Settings for Inferred Entity Instance: lpm_counter:count_rtl_0 ;
+------------------------+-------------------+-----------------------------+
; Parameter Name         ; Value             ; Type                        ;
+------------------------+-------------------+-----------------------------+
; AUTO_CARRY_CHAINS      ; ON                ; AUTO_CARRY                  ;
; IGNORE_CARRY_BUFFERS   ; OFF               ; IGNORE_CARRY                ;
; AUTO_CASCADE_CHAINS    ; ON                ; AUTO_CASCADE                ;
; IGNORE_CASCADE_BUFFERS ; OFF               ; IGNORE_CASCADE              ;
; LPM_WIDTH              ; 4                 ; Untyped                     ;
; LPM_DIRECTION          ; DEFAULT           ; Untyped                     ;
; LPM_MODULUS            ; 0                 ; Untyped                     ;
; LPM_AVALUE             ; UNUSED            ; Untyped                     ;
; LPM_SVALUE             ; UNUSED            ; Untyped                     ;
; LPM_PORT_UPDOWN        ; PORT_CONNECTIVITY ; Untyped                     ;
; DEVICE_FAMILY          ; FLEX10K           ; Untyped                     ;
; CARRY_CHAIN            ; MANUAL            ; Untyped                     ;
; CARRY_CHAIN_LENGTH     ; 48                ; CARRY_CHAIN_LENGTH          ;
; NOT_GATE_PUSH_BACK     ; ON                ; NOT_GATE_PUSH_BACK          ;
; CARRY_CNT_EN           ; SMART             ; Untyped                     ;
; LABWIDE_SCLR           ; ON                ; Untyped                     ;
; USE_NEW_VERSION        ; TRUE              ; Untyped                     ;
; CBXI_PARAMETER         ; NOTHING           ; Untyped                     ;
+------------------------+-------------------+-----------------------------+
Note: In order to hide this table in the UI and the text report file, please set the "Show Parameter Settings Tables in Synthesis Report" option in "Analysis and Synthesis Settings -> More Settings" to "Off".


+--------------------------------------------------------------------------------+
; Parameter Settings for Inferred Entity Instance: lpm_counter:clock_count_rtl_1 ;
+------------------------+-------------------+-----------------------------------+
; Parameter Name         ; Value             ; Type                              ;
+------------------------+-------------------+-----------------------------------+
; AUTO_CARRY_CHAINS      ; ON                ; AUTO_CARRY                        ;
; IGNORE_CARRY_BUFFERS   ; OFF               ; IGNORE_CARRY                      ;
; AUTO_CASCADE_CHAINS    ; ON                ; AUTO_CASCADE                      ;
; IGNORE_CASCADE_BUFFERS ; OFF               ; IGNORE_CASCADE                    ;
; LPM_WIDTH              ; 25                ; Untyped                           ;
; LPM_DIRECTION          ; UP                ; Untyped                           ;
; LPM_MODULUS            ; 0                 ; Untyped                           ;
; LPM_AVALUE             ; UNUSED            ; Untyped                           ;
; LPM_SVALUE             ; UNUSED            ; Untyped                           ;
; LPM_PORT_UPDOWN        ; PORT_CONNECTIVITY ; Untyped                           ;
; DEVICE_FAMILY          ; FLEX10K           ; Untyped                           ;
; CARRY_CHAIN            ; MANUAL            ; Untyped                           ;
; CARRY_CHAIN_LENGTH     ; 48                ; CARRY_CHAIN_LENGTH                ;
; NOT_GATE_PUSH_BACK     ; ON                ; NOT_GATE_PUSH_BACK                ;
; CARRY_CNT_EN           ; SMART             ; Untyped                           ;
; LABWIDE_SCLR           ; ON                ; Untyped                           ;
; USE_NEW_VERSION        ; TRUE              ; Untyped                           ;
; CBXI_PARAMETER         ; NOTHING           ; Untyped                           ;
+------------------------+-------------------+-----------------------------------+
Note: In order to hide this table in the UI and the text report file, please set the "Show Parameter Settings Tables in Synthesis Report" option in "Analysis and Synthesis Settings -> More Settings" to "Off".


+------------------------------------------------------------------+
; Parameter Settings for Inferred Entity Instance: lpm_divide:Div0 ;
+------------------------+----------------+------------------------+
; Parameter Name         ; Value          ; Type                   ;
+------------------------+----------------+------------------------+
; LPM_WIDTHN             ; 4              ; Untyped                ;
; LPM_WIDTHD             ; 4              ; Untyped                ;
; LPM_NREPRESENTATION    ; UNSIGNED       ; Untyped                ;
; LPM_DREPRESENTATION    ; UNSIGNED       ; Untyped                ;
; LPM_PIPELINE           ; 0              ; Untyped                ;
; LPM_REMAINDERPOSITIVE  ; TRUE           ; Untyped                ;
; MAXIMIZE_SPEED         ; 5              ; Untyped                ;
; CBXI_PARAMETER         ; lpm_divide_e1m ; Untyped                ;
; CARRY_CHAIN            ; MANUAL         ; Untyped                ;
; OPTIMIZE_FOR_SPEED     ; 1              ; Untyped                ;
; AUTO_CARRY_CHAINS      ; ON             ; AUTO_CARRY             ;
; IGNORE_CARRY_BUFFERS   ; OFF            ; IGNORE_CARRY           ;
; AUTO_CASCADE_CHAINS    ; ON             ; AUTO_CASCADE           ;
; IGNORE_CASCADE_BUFFERS ; OFF            ; IGNORE_CASCADE         ;
+------------------------+----------------+------------------------+
Note: In order to hide this table in the UI and the text report file, please set the "Show Parameter Settings Tables in Synthesis Report" option in "Analysis and Synthesis Settings -> More Settings" to "Off".


+------------------------------------------------------------------+
; Parameter Settings for Inferred Entity Instance: lpm_divide:Mod0 ;
+------------------------+----------------+------------------------+
; Parameter Name         ; Value          ; Type                   ;
+------------------------+----------------+------------------------+
; LPM_WIDTHN             ; 4              ; Untyped                ;
; LPM_WIDTHD             ; 4              ; Untyped                ;
; LPM_NREPRESENTATION    ; UNSIGNED       ; Untyped                ;
; LPM_DREPRESENTATION    ; UNSIGNED       ; Untyped                ;
; LPM_PIPELINE           ; 0              ; Untyped                ;
; LPM_REMAINDERPOSITIVE  ; TRUE           ; Untyped                ;
; MAXIMIZE_SPEED         ; 5              ; Untyped                ;
; CBXI_PARAMETER         ; lpm_divide_hpl ; Untyped                ;
; CARRY_CHAIN            ; MANUAL         ; Untyped                ;
; OPTIMIZE_FOR_SPEED     ; 1              ; Untyped                ;
; AUTO_CARRY_CHAINS      ; ON             ; AUTO_CARRY             ;
; IGNORE_CARRY_BUFFERS   ; OFF            ; IGNORE_CARRY           ;
; AUTO_CASCADE_CHAINS    ; ON             ; AUTO_CASCADE           ;
; IGNORE_CASCADE_BUFFERS ; OFF            ; IGNORE_CASCADE         ;
+------------------------+----------------+------------------------+
Note: In order to hide this table in the UI and the text report file, please set the "Show Parameter Settings Tables in Synthesis Report" option in "Analysis and Synthesis Settings -> More Settings" to "Off".


+-------------------------------+
; Analysis & Synthesis Messages ;
+-------------------------------+
Info: *******************************************************************
Info: Running Quartus II Analysis & Synthesis
    Info: Version 9.0 Build 235 06/17/2009 Service Pack 2 SJ Web Edition
    Info: Processing started: Wed Jan 24 14:44:42 2018
Info: Command: quartus_map --read_settings_files=on --write_settings_files=off counter -c counter
Warning (10238): Verilog Module Declaration warning at counter.v(59): ignored anonymous port(s) indicated by duplicate or dangling comma(s) in the port list for module "my_counter"
Info: Found 3 design units, including 3 entities, in source file counter.v
    Info: Found entity 1: my8bitdisplay
    Info: Found entity 2: rs_flipflop
    Info: Found entity 3: my_counter
Info: Elaborating entity "my_counter" for the top level hierarchy
Warning (10230): Verilog HDL assignment warning at counter.v(85): truncated value with size 32 to match size of target (25)
Warning (10230): Verilog HDL assignment warning at counter.v(94): truncated value with size 32 to match size of target (4)
Warning (10230): Verilog HDL assignment warning at counter.v(96): truncated value with size 32 to match size of target (4)
Warning (10230): Verilog HDL assignment warning at counter.v(99): truncated value with size 32 to match size of target (4)
Warning (10230): Verilog HDL assignment warning at counter.v(100): truncated value with size 32 to match size of target (4)
Info: Elaborating entity "rs_flipflop" for hierarchy "rs_flipflop:main_rs"
Info: Elaborating entity "my8bitdisplay" for hierarchy "my8bitdisplay:digitdisp"
Info: Inferred 2 megafunctions from design logic
    Info: Inferred lpm_counter megafunction (LPM_WIDTH=4) from the following logic: "count[0]~12"
    Info: Inferred lpm_counter megafunction (LPM_WIDTH=25) from the following logic: "clock_count[0]~25"
Info: Inferred 2 megafunctions from design logic
    Info: Inferred divider/modulo megafunction ("lpm_divide") from the following logic: "Div0"
    Info: Inferred divider/modulo megafunction ("lpm_divide") from the following logic: "Mod0"
Info: Elaborated megafunction instantiation "lpm_counter:count_rtl_0"
Info: Instantiated megafunction "lpm_counter:count_rtl_0" with the following parameter:
    Info: Parameter "LPM_WIDTH" = "4"
    Info: Parameter "LPM_DIRECTION" = "UNUSED"
    Info: Parameter "LPM_TYPE" = "LPM_COUNTER"
Info: Elaborated megafunction instantiation "lpm_counter:count_rtl_0|alt_counter_f10ke:wysi_counter", which is child of megafunction instantiation "lpm_counter:count_rtl_0"
Info: Elaborated megafunction instantiation "lpm_counter:clock_count_rtl_1"
Info: Instantiated megafunction "lpm_counter:clock_count_rtl_1" with the following parameter:
    Info: Parameter "LPM_WIDTH" = "25"
    Info: Parameter "LPM_DIRECTION" = "UP"
    Info: Parameter "LPM_TYPE" = "LPM_COUNTER"
Info: Elaborated megafunction instantiation "lpm_counter:clock_count_rtl_1|alt_counter_f10ke:wysi_counter", which is child of megafunction instantiation "lpm_counter:clock_count_rtl_1"
Info: Elaborated megafunction instantiation "lpm_divide:Div0"
Info: Instantiated megafunction "lpm_divide:Div0" with the following parameter:
    Info: Parameter "LPM_WIDTHN" = "4"
    Info: Parameter "LPM_WIDTHD" = "4"
    Info: Parameter "LPM_NREPRESENTATION" = "UNSIGNED"
    Info: Parameter "LPM_DREPRESENTATION" = "UNSIGNED"
Info: Found 1 design units, including 1 entities, in source file db/lpm_divide_e1m.tdf
    Info: Found entity 1: lpm_divide_e1m
Info: Found 1 design units, including 1 entities, in source file db/sign_div_unsign_3kh.tdf
    Info: Found entity 1: sign_div_unsign_3kh
Info: Found 1 design units, including 1 entities, in source file db/alt_u_div_8ke.tdf
    Info: Found entity 1: alt_u_div_8ke
Info: Found 1 design units, including 1 entities, in source file db/add_sub_a9c.tdf
    Info: Found entity 1: add_sub_a9c
Info: Found 1 design units, including 1 entities, in source file db/add_sub_b9c.tdf
    Info: Found entity 1: add_sub_b9c
Info: Found 1 design units, including 1 entities, in source file db/add_sub_c9c.tdf
    Info: Found entity 1: add_sub_c9c
Info: Found 1 design units, including 1 entities, in source file db/add_sub_d9c.tdf
    Info: Found entity 1: add_sub_d9c
Info: Elaborated megafunction instantiation "lpm_divide:Mod0"
Info: Instantiated megafunction "lpm_divide:Mod0" with the following parameter:
    Info: Parameter "LPM_WIDTHN" = "4"
    Info: Parameter "LPM_WIDTHD" = "4"
    Info: Parameter "LPM_NREPRESENTATION" = "UNSIGNED"
    Info: Parameter "LPM_DREPRESENTATION" = "UNSIGNED"
Info: Found 1 design units, including 1 entities, in source file db/lpm_divide_hpl.tdf
    Info: Found entity 1: lpm_divide_hpl
Warning: Output pins are stuck at VCC or GND
    Warning (13410): Pin "segm_o1[0]" is stuck at VCC
    Warning (13410): Pin "segm_o1[1]" is stuck at VCC
    Warning (13410): Pin "segm_o1[5]" is stuck at GND
    Warning (13410): Pin "segm_o1[6]" is stuck at GND
    Warning (13410): Pin "segm_o2[0]" is stuck at VCC
Info: Implemented 95 device resources after synthesis - the final resource count might be different
    Info: Implemented 3 input pins
    Info: Implemented 16 output pins
    Info: Implemented 76 logic cells
Info: Generated suppressed messages file C:/Users/User/Desktop/verilog/counter.map.smsg
Info: Quartus II Analysis & Synthesis was successful. 0 errors, 12 warnings
    Info: Peak virtual memory: 281 megabytes
    Info: Processing ended: Wed Jan 24 14:44:45 2018
    Info: Elapsed time: 00:00:03
    Info: Total CPU time (on all processors): 00:00:02


+------------------------------------------+
; Analysis & Synthesis Suppressed Messages ;
+------------------------------------------+
The suppressed messages can be found in C:/Users/User/Desktop/verilog/counter.map.smsg.


